<?xml version="1.0" encoding="UTF-8"?>
<testng-results ignored="0" total="1" passed="1" failed="0" skipped="0">
  <reporter-output>
  </reporter-output>
  <suite started-at="2020-06-13T21:23:44 PDT" name="helloworld_thanh.TestHellowWorld" finished-at="2020-06-13T21:23:44 PDT" duration-ms="30">
    <groups>
    </groups>
    <test started-at="2020-06-13T21:23:44 PDT" name="Command line test" finished-at="2020-06-13T21:23:44 PDT" duration-ms="30">
      <class name="helloworld_thanh.TestHellowWorld">
        <test-method signature="testHellowWorld()[pri:0, instance:helloworld_thanh.TestHellowWorld@587d1d39]" started-at="2020-06-13T21:23:44 PDT" name="testHellowWorld" finished-at="2020-06-13T21:23:44 PDT" duration-ms="3" status="PASS">
          <reporter-output>
          </reporter-output>
        </test-method> <!-- testHellowWorld -->
      </class> <!-- helloworld_thanh.TestHellowWorld -->
    </test> <!-- Command line test -->
  </suite> <!-- helloworld_thanh.TestHellowWorld -->
</testng-results>
